{"/Users/vic/csc307-team1/packages/express-backend/file-services.js": {"path":"/Users/vic/csc307-team1/packages/express-backend/file-services.js","statementMap":{"0":{"start":{"line":18,"column":2},"end":{"line":20,"column":3}},"1":{"start":{"line":19,"column":4},"end":{"line":19,"column":42}},"2":{"start":{"line":21,"column":2},"end":{"line":23,"column":3}},"3":{"start":{"line":22,"column":4},"end":{"line":22,"column":39}},"4":{"start":{"line":24,"column":2},"end":{"line":26,"column":3}},"5":{"start":{"line":25,"column":4},"end":{"line":25,"column":38}},"6":{"start":{"line":27,"column":2},"end":{"line":29,"column":3}},"7":{"start":{"line":28,"column":4},"end":{"line":28,"column":38}},"8":{"start":{"line":30,"column":2},"end":{"line":32,"column":3}},"9":{"start":{"line":31,"column":4},"end":{"line":31,"column":43}},"10":{"start":{"line":33,"column":19},"end":{"line":33,"column":63}},"11":{"start":{"line":34,"column":2},"end":{"line":36,"column":3}},"12":{"start":{"line":35,"column":4},"end":{"line":35,"column":38}},"13":{"start":{"line":37,"column":2},"end":{"line":49,"column":3}},"14":{"start":{"line":38,"column":4},"end":{"line":46,"column":7}},"15":{"start":{"line":48,"column":4},"end":{"line":48,"column":44}},"16":{"start":{"line":57,"column":2},"end":{"line":59,"column":3}},"17":{"start":{"line":58,"column":4},"end":{"line":58,"column":37}},"18":{"start":{"line":61,"column":2},"end":{"line":65,"column":3}},"19":{"start":{"line":62,"column":4},"end":{"line":62,"column":45}},"20":{"start":{"line":64,"column":4},"end":{"line":64,"column":42}},"21":{"start":{"line":66,"column":12},"end":{"line":66,"column":55}},"22":{"start":{"line":67,"column":2},"end":{"line":69,"column":3}},"23":{"start":{"line":68,"column":4},"end":{"line":68,"column":33}},"24":{"start":{"line":70,"column":2},"end":{"line":74,"column":3}},"25":{"start":{"line":71,"column":4},"end":{"line":71,"column":49}},"26":{"start":{"line":73,"column":4},"end":{"line":73,"column":44}},"27":{"start":{"line":89,"column":2},"end":{"line":91,"column":3}},"28":{"start":{"line":90,"column":4},"end":{"line":90,"column":37}},"29":{"start":{"line":92,"column":2},"end":{"line":94,"column":3}},"30":{"start":{"line":93,"column":4},"end":{"line":93,"column":42}},"31":{"start":{"line":95,"column":2},"end":{"line":97,"column":3}},"32":{"start":{"line":96,"column":4},"end":{"line":96,"column":43}},"33":{"start":{"line":99,"column":2},"end":{"line":103,"column":3}},"34":{"start":{"line":100,"column":4},"end":{"line":100,"column":45}},"35":{"start":{"line":102,"column":4},"end":{"line":102,"column":42}},"36":{"start":{"line":104,"column":12},"end":{"line":104,"column":33}},"37":{"start":{"line":105,"column":2},"end":{"line":107,"column":3}},"38":{"start":{"line":106,"column":4},"end":{"line":106,"column":33}},"39":{"start":{"line":108,"column":12},"end":{"line":108,"column":56}},"40":{"start":{"line":109,"column":2},"end":{"line":111,"column":3}},"41":{"start":{"line":110,"column":4},"end":{"line":110,"column":38}},"42":{"start":{"line":112,"column":2},"end":{"line":114,"column":3}},"43":{"start":{"line":113,"column":4},"end":{"line":113,"column":47}},"44":{"start":{"line":115,"column":2},"end":{"line":117,"column":3}},"45":{"start":{"line":116,"column":4},"end":{"line":116,"column":24}},"46":{"start":{"line":118,"column":2},"end":{"line":120,"column":3}},"47":{"start":{"line":119,"column":4},"end":{"line":119,"column":28}},"48":{"start":{"line":121,"column":2},"end":{"line":123,"column":3}},"49":{"start":{"line":122,"column":4},"end":{"line":122,"column":30}},"50":{"start":{"line":124,"column":2},"end":{"line":126,"column":3}},"51":{"start":{"line":125,"column":4},"end":{"line":125,"column":22}},"52":{"start":{"line":127,"column":2},"end":{"line":139,"column":3}},"53":{"start":{"line":128,"column":4},"end":{"line":136,"column":6}},"54":{"start":{"line":138,"column":4},"end":{"line":138,"column":44}},"55":{"start":{"line":147,"column":2},"end":{"line":149,"column":3}},"56":{"start":{"line":148,"column":4},"end":{"line":148,"column":37}},"57":{"start":{"line":150,"column":2},"end":{"line":152,"column":3}},"58":{"start":{"line":151,"column":4},"end":{"line":151,"column":42}},"59":{"start":{"line":154,"column":2},"end":{"line":158,"column":3}},"60":{"start":{"line":155,"column":4},"end":{"line":155,"column":45}},"61":{"start":{"line":157,"column":4},"end":{"line":157,"column":42}},"62":{"start":{"line":159,"column":12},"end":{"line":159,"column":33}},"63":{"start":{"line":160,"column":2},"end":{"line":162,"column":3}},"64":{"start":{"line":161,"column":4},"end":{"line":161,"column":33}},"65":{"start":{"line":163,"column":12},"end":{"line":163,"column":56}},"66":{"start":{"line":164,"column":2},"end":{"line":166,"column":3}},"67":{"start":{"line":165,"column":4},"end":{"line":165,"column":38}},"68":{"start":{"line":167,"column":2},"end":{"line":169,"column":3}},"69":{"start":{"line":168,"column":4},"end":{"line":168,"column":47}},"70":{"start":{"line":170,"column":2},"end":{"line":174,"column":3}},"71":{"start":{"line":171,"column":4},"end":{"line":171,"column":50}},"72":{"start":{"line":173,"column":4},"end":{"line":173,"column":44}},"73":{"start":{"line":182,"column":2},"end":{"line":184,"column":3}},"74":{"start":{"line":183,"column":4},"end":{"line":183,"column":17}},"75":{"start":{"line":185,"column":2},"end":{"line":187,"column":3}},"76":{"start":{"line":186,"column":4},"end":{"line":186,"column":15}},"77":{"start":{"line":188,"column":2},"end":{"line":190,"column":3}},"78":{"start":{"line":189,"column":4},"end":{"line":189,"column":16}},"79":{"start":{"line":191,"column":2},"end":{"line":193,"column":3}},"80":{"start":{"line":192,"column":4},"end":{"line":192,"column":43}},"81":{"start":{"line":194,"column":2},"end":{"line":196,"column":3}},"82":{"start":{"line":195,"column":4},"end":{"line":195,"column":43}},"83":{"start":{"line":197,"column":2},"end":{"line":270,"column":3}},"84":{"start":{"line":199,"column":6},"end":{"line":203,"column":7}},"85":{"start":{"line":200,"column":8},"end":{"line":200,"column":32}},"86":{"start":{"line":202,"column":8},"end":{"line":202,"column":67}},"87":{"start":{"line":205,"column":6},"end":{"line":209,"column":7}},"88":{"start":{"line":206,"column":8},"end":{"line":206,"column":59}},"89":{"start":{"line":208,"column":8},"end":{"line":208,"column":67}},"90":{"start":{"line":211,"column":6},"end":{"line":215,"column":7}},"91":{"start":{"line":212,"column":8},"end":{"line":212,"column":55}},"92":{"start":{"line":214,"column":8},"end":{"line":214,"column":67}},"93":{"start":{"line":217,"column":6},"end":{"line":226,"column":7}},"94":{"start":{"line":218,"column":8},"end":{"line":223,"column":11}},"95":{"start":{"line":225,"column":8},"end":{"line":225,"column":68}},"96":{"start":{"line":228,"column":6},"end":{"line":232,"column":7}},"97":{"start":{"line":229,"column":8},"end":{"line":229,"column":80}},"98":{"start":{"line":231,"column":8},"end":{"line":231,"column":67}},"99":{"start":{"line":234,"column":6},"end":{"line":244,"column":7}},"100":{"start":{"line":235,"column":8},"end":{"line":241,"column":11}},"101":{"start":{"line":243,"column":8},"end":{"line":243,"column":68}},"102":{"start":{"line":246,"column":6},"end":{"line":256,"column":7}},"103":{"start":{"line":247,"column":8},"end":{"line":253,"column":11}},"104":{"start":{"line":255,"column":8},"end":{"line":255,"column":68}},"105":{"start":{"line":258,"column":6},"end":{"line":269,"column":7}},"106":{"start":{"line":259,"column":8},"end":{"line":266,"column":11}},"107":{"start":{"line":268,"column":8},"end":{"line":268,"column":68}},"108":{"start":{"line":274,"column":2},"end":{"line":276,"column":3}},"109":{"start":{"line":275,"column":4},"end":{"line":275,"column":42}},"110":{"start":{"line":277,"column":19},"end":{"line":277,"column":63}},"111":{"start":{"line":278,"column":2},"end":{"line":280,"column":3}},"112":{"start":{"line":279,"column":4},"end":{"line":279,"column":38}},"113":{"start":{"line":281,"column":2},"end":{"line":285,"column":3}},"114":{"start":{"line":282,"column":4},"end":{"line":282,"column":52}},"115":{"start":{"line":284,"column":4},"end":{"line":284,"column":44}},"116":{"start":{"line":289,"column":2},"end":{"line":291,"column":3}},"117":{"start":{"line":290,"column":4},"end":{"line":290,"column":42}},"118":{"start":{"line":292,"column":2},"end":{"line":294,"column":3}},"119":{"start":{"line":293,"column":4},"end":{"line":293,"column":37}},"120":{"start":{"line":296,"column":2},"end":{"line":300,"column":3}},"121":{"start":{"line":297,"column":4},"end":{"line":297,"column":45}},"122":{"start":{"line":299,"column":4},"end":{"line":299,"column":42}},"123":{"start":{"line":301,"column":12},"end":{"line":301,"column":56}},"124":{"start":{"line":302,"column":2},"end":{"line":304,"column":3}},"125":{"start":{"line":303,"column":4},"end":{"line":303,"column":38}},"126":{"start":{"line":305,"column":12},"end":{"line":305,"column":33}},"127":{"start":{"line":306,"column":2},"end":{"line":308,"column":3}},"128":{"start":{"line":307,"column":4},"end":{"line":307,"column":33}},"129":{"start":{"line":309,"column":2},"end":{"line":311,"column":3}},"130":{"start":{"line":310,"column":4},"end":{"line":310,"column":43}},"131":{"start":{"line":312,"column":2},"end":{"line":317,"column":3}},"132":{"start":{"line":313,"column":4},"end":{"line":313,"column":32}},"133":{"start":{"line":314,"column":4},"end":{"line":314,"column":20}},"134":{"start":{"line":316,"column":4},"end":{"line":316,"column":44}},"135":{"start":{"line":321,"column":2},"end":{"line":323,"column":3}},"136":{"start":{"line":322,"column":4},"end":{"line":322,"column":42}},"137":{"start":{"line":324,"column":2},"end":{"line":326,"column":3}},"138":{"start":{"line":325,"column":4},"end":{"line":325,"column":37}},"139":{"start":{"line":328,"column":2},"end":{"line":332,"column":3}},"140":{"start":{"line":329,"column":4},"end":{"line":329,"column":45}},"141":{"start":{"line":331,"column":4},"end":{"line":331,"column":51}},"142":{"start":{"line":333,"column":12},"end":{"line":333,"column":56}},"143":{"start":{"line":334,"column":2},"end":{"line":336,"column":3}},"144":{"start":{"line":335,"column":4},"end":{"line":335,"column":38}},"145":{"start":{"line":337,"column":15},"end":{"line":337,"column":36}},"146":{"start":{"line":338,"column":2},"end":{"line":340,"column":3}},"147":{"start":{"line":339,"column":4},"end":{"line":339,"column":33}},"148":{"start":{"line":341,"column":2},"end":{"line":343,"column":3}},"149":{"start":{"line":342,"column":4},"end":{"line":342,"column":39}},"150":{"start":{"line":344,"column":2},"end":{"line":349,"column":3}},"151":{"start":{"line":345,"column":4},"end":{"line":345,"column":32}},"152":{"start":{"line":346,"column":4},"end":{"line":346,"column":20}},"153":{"start":{"line":348,"column":4},"end":{"line":348,"column":44}},"154":{"start":{"line":353,"column":13},"end":{"line":353,"column":17}},"155":{"start":{"line":354,"column":2},"end":{"line":361,"column":3}},"156":{"start":{"line":355,"column":24},"end":{"line":355,"column":26}},"157":{"start":{"line":356,"column":4},"end":{"line":356,"column":61}},"158":{"start":{"line":356,"column":37},"end":{"line":356,"column":61}},"159":{"start":{"line":357,"column":4},"end":{"line":357,"column":62}},"160":{"start":{"line":357,"column":38},"end":{"line":357,"column":62}},"161":{"start":{"line":358,"column":4},"end":{"line":360,"column":5}},"162":{"start":{"line":359,"column":6},"end":{"line":359,"column":25}},"163":{"start":{"line":362,"column":2},"end":{"line":362,"column":40}}},"fnMap":{"0":{"name":"addFile","decl":{"start":{"line":9,"column":15},"end":{"line":9,"column":22}},"loc":{"start":{"line":17,"column":2},"end":{"line":50,"column":1}},"line":17},"1":{"name":"getFile","decl":{"start":{"line":56,"column":15},"end":{"line":56,"column":22}},"loc":{"start":{"line":56,"column":31},"end":{"line":75,"column":1}},"line":56},"2":{"name":"editFile","decl":{"start":{"line":81,"column":15},"end":{"line":81,"column":23}},"loc":{"start":{"line":88,"column":2},"end":{"line":140,"column":1}},"line":88},"3":{"name":"removeFile","decl":{"start":{"line":146,"column":15},"end":{"line":146,"column":25}},"loc":{"start":{"line":146,"column":51},"end":{"line":175,"column":1}},"line":146},"4":{"name":"searchFiles","decl":{"start":{"line":181,"column":9},"end":{"line":181,"column":20}},"loc":{"start":{"line":181,"column":39},"end":{"line":271,"column":1}},"line":181},"5":{"name":"myFiles","decl":{"start":{"line":273,"column":15},"end":{"line":273,"column":22}},"loc":{"start":{"line":273,"column":40},"end":{"line":286,"column":1}},"line":273},"6":{"name":"addFavorite","decl":{"start":{"line":288,"column":15},"end":{"line":288,"column":26}},"loc":{"start":{"line":288,"column":52},"end":{"line":318,"column":1}},"line":288},"7":{"name":"removeFavorite","decl":{"start":{"line":320,"column":15},"end":{"line":320,"column":29}},"loc":{"start":{"line":320,"column":55},"end":{"line":350,"column":1}},"line":320},"8":{"name":"findFiles","decl":{"start":{"line":352,"column":9},"end":{"line":352,"column":18}},"loc":{"start":{"line":352,"column":43},"end":{"line":363,"column":1}},"line":352}},"branchMap":{"0":{"loc":{"start":{"line":18,"column":2},"end":{"line":20,"column":3}},"type":"if","locations":[{"start":{"line":18,"column":2},"end":{"line":20,"column":3}},{"start":{},"end":{}}],"line":18},"1":{"loc":{"start":{"line":21,"column":2},"end":{"line":23,"column":3}},"type":"if","locations":[{"start":{"line":21,"column":2},"end":{"line":23,"column":3}},{"start":{},"end":{}}],"line":21},"2":{"loc":{"start":{"line":24,"column":2},"end":{"line":26,"column":3}},"type":"if","locations":[{"start":{"line":24,"column":2},"end":{"line":26,"column":3}},{"start":{},"end":{}}],"line":24},"3":{"loc":{"start":{"line":27,"column":2},"end":{"line":29,"column":3}},"type":"if","locations":[{"start":{"line":27,"column":2},"end":{"line":29,"column":3}},{"start":{},"end":{}}],"line":27},"4":{"loc":{"start":{"line":30,"column":2},"end":{"line":32,"column":3}},"type":"if","locations":[{"start":{"line":30,"column":2},"end":{"line":32,"column":3}},{"start":{},"end":{}}],"line":30},"5":{"loc":{"start":{"line":30,"column":6},"end":{"line":30,"column":42}},"type":"binary-expr","locations":[{"start":{"line":30,"column":6},"end":{"line":30,"column":14}},{"start":{"line":30,"column":18},"end":{"line":30,"column":42}}],"line":30},"6":{"loc":{"start":{"line":34,"column":2},"end":{"line":36,"column":3}},"type":"if","locations":[{"start":{"line":34,"column":2},"end":{"line":36,"column":3}},{"start":{},"end":{}}],"line":34},"7":{"loc":{"start":{"line":57,"column":2},"end":{"line":59,"column":3}},"type":"if","locations":[{"start":{"line":57,"column":2},"end":{"line":59,"column":3}},{"start":{},"end":{}}],"line":57},"8":{"loc":{"start":{"line":67,"column":2},"end":{"line":69,"column":3}},"type":"if","locations":[{"start":{"line":67,"column":2},"end":{"line":69,"column":3}},{"start":{},"end":{}}],"line":67},"9":{"loc":{"start":{"line":89,"column":2},"end":{"line":91,"column":3}},"type":"if","locations":[{"start":{"line":89,"column":2},"end":{"line":91,"column":3}},{"start":{},"end":{}}],"line":89},"10":{"loc":{"start":{"line":92,"column":2},"end":{"line":94,"column":3}},"type":"if","locations":[{"start":{"line":92,"column":2},"end":{"line":94,"column":3}},{"start":{},"end":{}}],"line":92},"11":{"loc":{"start":{"line":95,"column":2},"end":{"line":97,"column":3}},"type":"if","locations":[{"start":{"line":95,"column":2},"end":{"line":97,"column":3}},{"start":{},"end":{}}],"line":95},"12":{"loc":{"start":{"line":95,"column":6},"end":{"line":95,"column":42}},"type":"binary-expr","locations":[{"start":{"line":95,"column":6},"end":{"line":95,"column":14}},{"start":{"line":95,"column":18},"end":{"line":95,"column":42}}],"line":95},"13":{"loc":{"start":{"line":105,"column":2},"end":{"line":107,"column":3}},"type":"if","locations":[{"start":{"line":105,"column":2},"end":{"line":107,"column":3}},{"start":{},"end":{}}],"line":105},"14":{"loc":{"start":{"line":109,"column":2},"end":{"line":111,"column":3}},"type":"if","locations":[{"start":{"line":109,"column":2},"end":{"line":111,"column":3}},{"start":{},"end":{}}],"line":109},"15":{"loc":{"start":{"line":112,"column":2},"end":{"line":114,"column":3}},"type":"if","locations":[{"start":{"line":112,"column":2},"end":{"line":114,"column":3}},{"start":{},"end":{}}],"line":112},"16":{"loc":{"start":{"line":112,"column":6},"end":{"line":112,"column":54}},"type":"binary-expr","locations":[{"start":{"line":112,"column":6},"end":{"line":112,"column":29}},{"start":{"line":112,"column":33},"end":{"line":112,"column":54}}],"line":112},"17":{"loc":{"start":{"line":115,"column":2},"end":{"line":117,"column":3}},"type":"if","locations":[{"start":{"line":115,"column":2},"end":{"line":117,"column":3}},{"start":{},"end":{}}],"line":115},"18":{"loc":{"start":{"line":118,"column":2},"end":{"line":120,"column":3}},"type":"if","locations":[{"start":{"line":118,"column":2},"end":{"line":120,"column":3}},{"start":{},"end":{}}],"line":118},"19":{"loc":{"start":{"line":118,"column":6},"end":{"line":118,"column":55}},"type":"binary-expr","locations":[{"start":{"line":118,"column":6},"end":{"line":118,"column":26}},{"start":{"line":118,"column":30},"end":{"line":118,"column":55}}],"line":118},"20":{"loc":{"start":{"line":121,"column":2},"end":{"line":123,"column":3}},"type":"if","locations":[{"start":{"line":121,"column":2},"end":{"line":123,"column":3}},{"start":{},"end":{}}],"line":121},"21":{"loc":{"start":{"line":121,"column":6},"end":{"line":121,"column":49}},"type":"binary-expr","locations":[{"start":{"line":121,"column":6},"end":{"line":121,"column":23}},{"start":{"line":121,"column":27},"end":{"line":121,"column":49}}],"line":121},"22":{"loc":{"start":{"line":124,"column":2},"end":{"line":126,"column":3}},"type":"if","locations":[{"start":{"line":124,"column":2},"end":{"line":126,"column":3}},{"start":{},"end":{}}],"line":124},"23":{"loc":{"start":{"line":124,"column":6},"end":{"line":124,"column":49}},"type":"binary-expr","locations":[{"start":{"line":124,"column":6},"end":{"line":124,"column":23}},{"start":{"line":124,"column":27},"end":{"line":124,"column":49}}],"line":124},"24":{"loc":{"start":{"line":147,"column":2},"end":{"line":149,"column":3}},"type":"if","locations":[{"start":{"line":147,"column":2},"end":{"line":149,"column":3}},{"start":{},"end":{}}],"line":147},"25":{"loc":{"start":{"line":150,"column":2},"end":{"line":152,"column":3}},"type":"if","locations":[{"start":{"line":150,"column":2},"end":{"line":152,"column":3}},{"start":{},"end":{}}],"line":150},"26":{"loc":{"start":{"line":160,"column":2},"end":{"line":162,"column":3}},"type":"if","locations":[{"start":{"line":160,"column":2},"end":{"line":162,"column":3}},{"start":{},"end":{}}],"line":160},"27":{"loc":{"start":{"line":164,"column":2},"end":{"line":166,"column":3}},"type":"if","locations":[{"start":{"line":164,"column":2},"end":{"line":166,"column":3}},{"start":{},"end":{}}],"line":164},"28":{"loc":{"start":{"line":167,"column":2},"end":{"line":169,"column":3}},"type":"if","locations":[{"start":{"line":167,"column":2},"end":{"line":169,"column":3}},{"start":{},"end":{}}],"line":167},"29":{"loc":{"start":{"line":167,"column":6},"end":{"line":167,"column":54}},"type":"binary-expr","locations":[{"start":{"line":167,"column":6},"end":{"line":167,"column":29}},{"start":{"line":167,"column":33},"end":{"line":167,"column":54}}],"line":167},"30":{"loc":{"start":{"line":182,"column":2},"end":{"line":184,"column":3}},"type":"if","locations":[{"start":{"line":182,"column":2},"end":{"line":184,"column":3}},{"start":{},"end":{}}],"line":182},"31":{"loc":{"start":{"line":185,"column":2},"end":{"line":187,"column":3}},"type":"if","locations":[{"start":{"line":185,"column":2},"end":{"line":187,"column":3}},{"start":{},"end":{}}],"line":185},"32":{"loc":{"start":{"line":188,"column":2},"end":{"line":190,"column":3}},"type":"if","locations":[{"start":{"line":188,"column":2},"end":{"line":190,"column":3}},{"start":{},"end":{}}],"line":188},"33":{"loc":{"start":{"line":191,"column":2},"end":{"line":193,"column":3}},"type":"if","locations":[{"start":{"line":191,"column":2},"end":{"line":193,"column":3}},{"start":{},"end":{}}],"line":191},"34":{"loc":{"start":{"line":191,"column":6},"end":{"line":191,"column":34}},"type":"binary-expr","locations":[{"start":{"line":191,"column":6},"end":{"line":191,"column":11}},{"start":{"line":191,"column":15},"end":{"line":191,"column":34}}],"line":191},"35":{"loc":{"start":{"line":194,"column":2},"end":{"line":196,"column":3}},"type":"if","locations":[{"start":{"line":194,"column":2},"end":{"line":196,"column":3}},{"start":{},"end":{}}],"line":194},"36":{"loc":{"start":{"line":194,"column":6},"end":{"line":194,"column":36}},"type":"binary-expr","locations":[{"start":{"line":194,"column":6},"end":{"line":194,"column":12}},{"start":{"line":194,"column":16},"end":{"line":194,"column":36}}],"line":194},"37":{"loc":{"start":{"line":197,"column":2},"end":{"line":270,"column":3}},"type":"switch","locations":[{"start":{"line":198,"column":4},"end":{"line":203,"column":7}},{"start":{"line":204,"column":4},"end":{"line":209,"column":7}},{"start":{"line":210,"column":4},"end":{"line":215,"column":7}},{"start":{"line":216,"column":4},"end":{"line":226,"column":7}},{"start":{"line":227,"column":4},"end":{"line":232,"column":7}},{"start":{"line":233,"column":4},"end":{"line":244,"column":7}},{"start":{"line":245,"column":4},"end":{"line":256,"column":7}},{"start":{"line":257,"column":4},"end":{"line":269,"column":7}}],"line":197},"38":{"loc":{"start":{"line":198,"column":9},"end":{"line":198,"column":32}},"type":"binary-expr","locations":[{"start":{"line":198,"column":9},"end":{"line":198,"column":15}},{"start":{"line":198,"column":19},"end":{"line":198,"column":23}},{"start":{"line":198,"column":27},"end":{"line":198,"column":32}}],"line":198},"39":{"loc":{"start":{"line":204,"column":9},"end":{"line":204,"column":23}},"type":"binary-expr","locations":[{"start":{"line":204,"column":9},"end":{"line":204,"column":15}},{"start":{"line":204,"column":19},"end":{"line":204,"column":23}}],"line":204},"40":{"loc":{"start":{"line":210,"column":9},"end":{"line":210,"column":24}},"type":"binary-expr","locations":[{"start":{"line":210,"column":9},"end":{"line":210,"column":15}},{"start":{"line":210,"column":19},"end":{"line":210,"column":24}}],"line":210},"41":{"loc":{"start":{"line":216,"column":9},"end":{"line":216,"column":22}},"type":"binary-expr","locations":[{"start":{"line":216,"column":9},"end":{"line":216,"column":13}},{"start":{"line":216,"column":17},"end":{"line":216,"column":22}}],"line":216},"42":{"loc":{"start":{"line":274,"column":2},"end":{"line":276,"column":3}},"type":"if","locations":[{"start":{"line":274,"column":2},"end":{"line":276,"column":3}},{"start":{},"end":{}}],"line":274},"43":{"loc":{"start":{"line":278,"column":2},"end":{"line":280,"column":3}},"type":"if","locations":[{"start":{"line":278,"column":2},"end":{"line":280,"column":3}},{"start":{},"end":{}}],"line":278},"44":{"loc":{"start":{"line":289,"column":2},"end":{"line":291,"column":3}},"type":"if","locations":[{"start":{"line":289,"column":2},"end":{"line":291,"column":3}},{"start":{},"end":{}}],"line":289},"45":{"loc":{"start":{"line":292,"column":2},"end":{"line":294,"column":3}},"type":"if","locations":[{"start":{"line":292,"column":2},"end":{"line":294,"column":3}},{"start":{},"end":{}}],"line":292},"46":{"loc":{"start":{"line":302,"column":2},"end":{"line":304,"column":3}},"type":"if","locations":[{"start":{"line":302,"column":2},"end":{"line":304,"column":3}},{"start":{},"end":{}}],"line":302},"47":{"loc":{"start":{"line":306,"column":2},"end":{"line":308,"column":3}},"type":"if","locations":[{"start":{"line":306,"column":2},"end":{"line":308,"column":3}},{"start":{},"end":{}}],"line":306},"48":{"loc":{"start":{"line":309,"column":2},"end":{"line":311,"column":3}},"type":"if","locations":[{"start":{"line":309,"column":2},"end":{"line":311,"column":3}},{"start":{},"end":{}}],"line":309},"49":{"loc":{"start":{"line":321,"column":2},"end":{"line":323,"column":3}},"type":"if","locations":[{"start":{"line":321,"column":2},"end":{"line":323,"column":3}},{"start":{},"end":{}}],"line":321},"50":{"loc":{"start":{"line":324,"column":2},"end":{"line":326,"column":3}},"type":"if","locations":[{"start":{"line":324,"column":2},"end":{"line":326,"column":3}},{"start":{},"end":{}}],"line":324},"51":{"loc":{"start":{"line":334,"column":2},"end":{"line":336,"column":3}},"type":"if","locations":[{"start":{"line":334,"column":2},"end":{"line":336,"column":3}},{"start":{},"end":{}}],"line":334},"52":{"loc":{"start":{"line":338,"column":2},"end":{"line":340,"column":3}},"type":"if","locations":[{"start":{"line":338,"column":2},"end":{"line":340,"column":3}},{"start":{},"end":{}}],"line":338},"53":{"loc":{"start":{"line":341,"column":2},"end":{"line":343,"column":3}},"type":"if","locations":[{"start":{"line":341,"column":2},"end":{"line":343,"column":3}},{"start":{},"end":{}}],"line":341},"54":{"loc":{"start":{"line":352,"column":26},"end":{"line":352,"column":41}},"type":"default-arg","locations":[{"start":{"line":352,"column":39},"end":{"line":352,"column":41}}],"line":352},"55":{"loc":{"start":{"line":354,"column":2},"end":{"line":361,"column":3}},"type":"if","locations":[{"start":{"line":354,"column":2},"end":{"line":361,"column":3}},{"start":{},"end":{}}],"line":354},"56":{"loc":{"start":{"line":354,"column":6},"end":{"line":354,"column":41}},"type":"binary-expr","locations":[{"start":{"line":354,"column":6},"end":{"line":354,"column":16}},{"start":{"line":354,"column":20},"end":{"line":354,"column":41}}],"line":354},"57":{"loc":{"start":{"line":356,"column":4},"end":{"line":356,"column":61}},"type":"if","locations":[{"start":{"line":356,"column":4},"end":{"line":356,"column":61}},{"start":{},"end":{}}],"line":356},"58":{"loc":{"start":{"line":357,"column":4},"end":{"line":357,"column":62}},"type":"if","locations":[{"start":{"line":357,"column":4},"end":{"line":357,"column":62}},{"start":{},"end":{}}],"line":357},"59":{"loc":{"start":{"line":358,"column":4},"end":{"line":360,"column":5}},"type":"if","locations":[{"start":{"line":358,"column":4},"end":{"line":360,"column":5}},{"start":{},"end":{}}],"line":358}},"s":{"0":8,"1":1,"2":7,"3":1,"4":6,"5":1,"6":5,"7":1,"8":4,"9":1,"10":3,"11":2,"12":0,"13":2,"14":2,"15":0,"16":41,"17":1,"18":40,"19":40,"20":3,"21":37,"22":37,"23":8,"24":29,"25":29,"26":0,"27":14,"28":1,"29":13,"30":1,"31":12,"32":1,"33":11,"34":11,"35":1,"36":10,"37":9,"38":0,"39":9,"40":8,"41":0,"42":8,"43":1,"44":7,"45":5,"46":7,"47":4,"48":7,"49":4,"50":7,"51":4,"52":7,"53":7,"54":0,"55":8,"56":1,"57":7,"58":1,"59":6,"60":6,"61":1,"62":5,"63":4,"64":0,"65":4,"66":3,"67":0,"68":3,"69":1,"70":2,"71":2,"72":0,"73":21,"74":0,"75":21,"76":10,"77":21,"78":10,"79":21,"80":1,"81":20,"82":1,"83":19,"84":1,"85":1,"86":0,"87":1,"88":1,"89":0,"90":1,"91":1,"92":0,"93":11,"94":11,"95":0,"96":1,"97":1,"98":0,"99":1,"100":1,"101":0,"102":1,"103":1,"104":0,"105":2,"106":2,"107":0,"108":5,"109":1,"110":4,"111":2,"112":0,"113":2,"114":2,"115":0,"116":7,"117":1,"118":6,"119":1,"120":5,"121":5,"122":1,"123":4,"124":3,"125":0,"126":3,"127":2,"128":0,"129":2,"130":1,"131":1,"132":1,"133":1,"134":0,"135":7,"136":1,"137":6,"138":1,"139":5,"140":5,"141":1,"142":4,"143":3,"144":2,"145":1,"146":1,"147":0,"148":1,"149":0,"150":1,"151":1,"152":1,"153":0,"154":0,"155":0,"156":0,"157":0,"158":0,"159":0,"160":0,"161":0,"162":0,"163":0},"f":{"0":8,"1":41,"2":14,"3":8,"4":21,"5":5,"6":7,"7":7,"8":0},"b":{"0":[1,7],"1":[1,6],"2":[1,5],"3":[1,4],"4":[1,3],"5":[4,2],"6":[0,2],"7":[1,40],"8":[8,29],"9":[1,13],"10":[1,12],"11":[1,11],"12":[12,8],"13":[0,9],"14":[0,8],"15":[1,7],"16":[8,2],"17":[5,2],"18":[4,3],"19":[7,4],"20":[4,3],"21":[7,5],"22":[4,3],"23":[7,6],"24":[1,7],"25":[1,6],"26":[0,4],"27":[0,3],"28":[1,2],"29":[3,2],"30":[0,21],"31":[10,11],"32":[10,11],"33":[1,20],"34":[21,6],"35":[1,19],"36":[20,6],"37":[1,1,1,11,1,1,1,2],"38":[19,4,2],"39":[18,3],"40":[17,2],"41":[16,12],"42":[1,4],"43":[0,2],"44":[1,6],"45":[1,5],"46":[0,3],"47":[0,2],"48":[1,1],"49":[1,6],"50":[1,5],"51":[2,1],"52":[0,1],"53":[0,1],"54":[0],"55":[0,0],"56":[0,0],"57":[0,0],"58":[0,0],"59":[0,0]},"inputSourceMap":null,"_coverageSchema":"1a1c01bbd47fc00a2c39e90264f33305004495a9","hash":"2a14e7082ab32aa3a5d61cd477b5859315e47c34"}
,"/Users/vic/csc307-team1/packages/express-backend/file.js": {"path":"/Users/vic/csc307-team1/packages/express-backend/file.js","statementMap":{"0":{"start":{"line":3,"column":19},"end":{"line":39,"column":1}},"1":{"start":{"line":41,"column":13},"end":{"line":41,"column":47}}},"fnMap":{},"branchMap":{},"s":{"0":2,"1":2},"f":{},"b":{},"inputSourceMap":null,"_coverageSchema":"1a1c01bbd47fc00a2c39e90264f33305004495a9","hash":"63525513f1c608d511536e9ca3e57c724500b647"}
,"/Users/vic/csc307-team1/packages/express-backend/review-services.js": {"path":"/Users/vic/csc307-team1/packages/express-backend/review-services.js","statementMap":{"0":{"start":{"line":18,"column":2},"end":{"line":20,"column":3}},"1":{"start":{"line":19,"column":4},"end":{"line":19,"column":37}},"2":{"start":{"line":21,"column":2},"end":{"line":23,"column":3}},"3":{"start":{"line":22,"column":4},"end":{"line":22,"column":42}},"4":{"start":{"line":24,"column":2},"end":{"line":26,"column":3}},"5":{"start":{"line":25,"column":4},"end":{"line":25,"column":39}},"6":{"start":{"line":27,"column":2},"end":{"line":29,"column":3}},"7":{"start":{"line":28,"column":4},"end":{"line":28,"column":41}},"8":{"start":{"line":30,"column":2},"end":{"line":35,"column":3}},"9":{"start":{"line":34,"column":4},"end":{"line":34,"column":40}},"10":{"start":{"line":36,"column":12},"end":{"line":36,"column":47}},"11":{"start":{"line":37,"column":2},"end":{"line":39,"column":3}},"12":{"start":{"line":38,"column":4},"end":{"line":38,"column":33}},"13":{"start":{"line":40,"column":12},"end":{"line":40,"column":56}},"14":{"start":{"line":41,"column":2},"end":{"line":43,"column":3}},"15":{"start":{"line":42,"column":4},"end":{"line":42,"column":38}},"16":{"start":{"line":44,"column":14},"end":{"line":44,"column":74}},"17":{"start":{"line":45,"column":2},"end":{"line":47,"column":3}},"18":{"start":{"line":46,"column":4},"end":{"line":46,"column":42}},"19":{"start":{"line":48,"column":2},"end":{"line":58,"column":3}},"20":{"start":{"line":49,"column":4},"end":{"line":55,"column":7}},"21":{"start":{"line":57,"column":4},"end":{"line":57,"column":44}},"22":{"start":{"line":66,"column":2},"end":{"line":68,"column":3}},"23":{"start":{"line":67,"column":4},"end":{"line":67,"column":37}},"24":{"start":{"line":69,"column":12},"end":{"line":69,"column":47}},"25":{"start":{"line":70,"column":2},"end":{"line":72,"column":3}},"26":{"start":{"line":71,"column":4},"end":{"line":71,"column":33}},"27":{"start":{"line":73,"column":2},"end":{"line":77,"column":3}},"28":{"start":{"line":74,"column":4},"end":{"line":74,"column":48}},"29":{"start":{"line":76,"column":4},"end":{"line":76,"column":44}},"30":{"start":{"line":85,"column":2},"end":{"line":87,"column":3}},"31":{"start":{"line":86,"column":4},"end":{"line":86,"column":42}},"32":{"start":{"line":88,"column":12},"end":{"line":88,"column":56}},"33":{"start":{"line":89,"column":2},"end":{"line":91,"column":3}},"34":{"start":{"line":90,"column":4},"end":{"line":90,"column":38}},"35":{"start":{"line":92,"column":2},"end":{"line":96,"column":3}},"36":{"start":{"line":93,"column":4},"end":{"line":93,"column":47}},"37":{"start":{"line":95,"column":4},"end":{"line":95,"column":44}},"38":{"start":{"line":109,"column":2},"end":{"line":111,"column":3}},"39":{"start":{"line":110,"column":4},"end":{"line":110,"column":37}},"40":{"start":{"line":112,"column":2},"end":{"line":114,"column":3}},"41":{"start":{"line":113,"column":4},"end":{"line":113,"column":42}},"42":{"start":{"line":115,"column":2},"end":{"line":121,"column":3}},"43":{"start":{"line":120,"column":4},"end":{"line":120,"column":40}},"44":{"start":{"line":123,"column":2},"end":{"line":127,"column":3}},"45":{"start":{"line":124,"column":4},"end":{"line":124,"column":49}},"46":{"start":{"line":126,"column":4},"end":{"line":126,"column":42}},"47":{"start":{"line":128,"column":12},"end":{"line":128,"column":59}},"48":{"start":{"line":129,"column":2},"end":{"line":131,"column":3}},"49":{"start":{"line":130,"column":4},"end":{"line":130,"column":33}},"50":{"start":{"line":132,"column":12},"end":{"line":132,"column":56}},"51":{"start":{"line":133,"column":2},"end":{"line":135,"column":3}},"52":{"start":{"line":134,"column":4},"end":{"line":134,"column":38}},"53":{"start":{"line":136,"column":2},"end":{"line":138,"column":3}},"54":{"start":{"line":137,"column":4},"end":{"line":137,"column":47}},"55":{"start":{"line":139,"column":2},"end":{"line":141,"column":3}},"56":{"start":{"line":140,"column":4},"end":{"line":140,"column":30}},"57":{"start":{"line":142,"column":2},"end":{"line":144,"column":3}},"58":{"start":{"line":143,"column":4},"end":{"line":143,"column":28}},"59":{"start":{"line":145,"column":2},"end":{"line":152,"column":3}},"60":{"start":{"line":146,"column":4},"end":{"line":149,"column":6}},"61":{"start":{"line":151,"column":4},"end":{"line":151,"column":44}},"62":{"start":{"line":160,"column":2},"end":{"line":162,"column":3}},"63":{"start":{"line":161,"column":4},"end":{"line":161,"column":37}},"64":{"start":{"line":163,"column":2},"end":{"line":165,"column":3}},"65":{"start":{"line":164,"column":4},"end":{"line":164,"column":42}},"66":{"start":{"line":167,"column":2},"end":{"line":171,"column":3}},"67":{"start":{"line":168,"column":4},"end":{"line":168,"column":49}},"68":{"start":{"line":170,"column":4},"end":{"line":170,"column":42}},"69":{"start":{"line":172,"column":12},"end":{"line":172,"column":59}},"70":{"start":{"line":173,"column":2},"end":{"line":175,"column":3}},"71":{"start":{"line":174,"column":4},"end":{"line":174,"column":33}},"72":{"start":{"line":176,"column":12},"end":{"line":176,"column":56}},"73":{"start":{"line":177,"column":2},"end":{"line":179,"column":3}},"74":{"start":{"line":178,"column":4},"end":{"line":178,"column":38}},"75":{"start":{"line":180,"column":2},"end":{"line":182,"column":3}},"76":{"start":{"line":181,"column":4},"end":{"line":181,"column":47}},"77":{"start":{"line":183,"column":2},"end":{"line":187,"column":3}},"78":{"start":{"line":184,"column":4},"end":{"line":184,"column":49}},"79":{"start":{"line":186,"column":4},"end":{"line":186,"column":44}}},"fnMap":{"0":{"name":"addReview","decl":{"start":{"line":11,"column":15},"end":{"line":11,"column":24}},"loc":{"start":{"line":17,"column":2},"end":{"line":59,"column":1}},"line":17},"1":{"name":"getReviewsMedia","decl":{"start":{"line":65,"column":15},"end":{"line":65,"column":30}},"loc":{"start":{"line":65,"column":39},"end":{"line":78,"column":1}},"line":65},"2":{"name":"getReviewsUser","decl":{"start":{"line":84,"column":15},"end":{"line":84,"column":29}},"loc":{"start":{"line":84,"column":47},"end":{"line":97,"column":1}},"line":84},"3":{"name":"editReview","decl":{"start":{"line":103,"column":15},"end":{"line":103,"column":25}},"loc":{"start":{"line":108,"column":2},"end":{"line":153,"column":1}},"line":108},"4":{"name":"deleteReview","decl":{"start":{"line":159,"column":15},"end":{"line":159,"column":27}},"loc":{"start":{"line":159,"column":55},"end":{"line":188,"column":1}},"line":159}},"branchMap":{"0":{"loc":{"start":{"line":18,"column":2},"end":{"line":20,"column":3}},"type":"if","locations":[{"start":{"line":18,"column":2},"end":{"line":20,"column":3}},{"start":{},"end":{}}],"line":18},"1":{"loc":{"start":{"line":21,"column":2},"end":{"line":23,"column":3}},"type":"if","locations":[{"start":{"line":21,"column":2},"end":{"line":23,"column":3}},{"start":{},"end":{}}],"line":21},"2":{"loc":{"start":{"line":24,"column":2},"end":{"line":26,"column":3}},"type":"if","locations":[{"start":{"line":24,"column":2},"end":{"line":26,"column":3}},{"start":{},"end":{}}],"line":24},"3":{"loc":{"start":{"line":27,"column":2},"end":{"line":29,"column":3}},"type":"if","locations":[{"start":{"line":27,"column":2},"end":{"line":29,"column":3}},{"start":{},"end":{}}],"line":27},"4":{"loc":{"start":{"line":30,"column":2},"end":{"line":35,"column":3}},"type":"if","locations":[{"start":{"line":30,"column":2},"end":{"line":35,"column":3}},{"start":{},"end":{}}],"line":30},"5":{"loc":{"start":{"line":31,"column":4},"end":{"line":32,"column":45}},"type":"binary-expr","locations":[{"start":{"line":31,"column":4},"end":{"line":31,"column":35}},{"start":{"line":32,"column":4},"end":{"line":32,"column":45}}],"line":31},"6":{"loc":{"start":{"line":32,"column":6},"end":{"line":32,"column":44}},"type":"binary-expr","locations":[{"start":{"line":32,"column":6},"end":{"line":32,"column":23}},{"start":{"line":32,"column":27},"end":{"line":32,"column":44}}],"line":32},"7":{"loc":{"start":{"line":37,"column":2},"end":{"line":39,"column":3}},"type":"if","locations":[{"start":{"line":37,"column":2},"end":{"line":39,"column":3}},{"start":{},"end":{}}],"line":37},"8":{"loc":{"start":{"line":41,"column":2},"end":{"line":43,"column":3}},"type":"if","locations":[{"start":{"line":41,"column":2},"end":{"line":43,"column":3}},{"start":{},"end":{}}],"line":41},"9":{"loc":{"start":{"line":45,"column":2},"end":{"line":47,"column":3}},"type":"if","locations":[{"start":{"line":45,"column":2},"end":{"line":47,"column":3}},{"start":{},"end":{}}],"line":45},"10":{"loc":{"start":{"line":66,"column":2},"end":{"line":68,"column":3}},"type":"if","locations":[{"start":{"line":66,"column":2},"end":{"line":68,"column":3}},{"start":{},"end":{}}],"line":66},"11":{"loc":{"start":{"line":70,"column":2},"end":{"line":72,"column":3}},"type":"if","locations":[{"start":{"line":70,"column":2},"end":{"line":72,"column":3}},{"start":{},"end":{}}],"line":70},"12":{"loc":{"start":{"line":85,"column":2},"end":{"line":87,"column":3}},"type":"if","locations":[{"start":{"line":85,"column":2},"end":{"line":87,"column":3}},{"start":{},"end":{}}],"line":85},"13":{"loc":{"start":{"line":89,"column":2},"end":{"line":91,"column":3}},"type":"if","locations":[{"start":{"line":89,"column":2},"end":{"line":91,"column":3}},{"start":{},"end":{}}],"line":89},"14":{"loc":{"start":{"line":109,"column":2},"end":{"line":111,"column":3}},"type":"if","locations":[{"start":{"line":109,"column":2},"end":{"line":111,"column":3}},{"start":{},"end":{}}],"line":109},"15":{"loc":{"start":{"line":112,"column":2},"end":{"line":114,"column":3}},"type":"if","locations":[{"start":{"line":112,"column":2},"end":{"line":114,"column":3}},{"start":{},"end":{}}],"line":112},"16":{"loc":{"start":{"line":115,"column":2},"end":{"line":121,"column":3}},"type":"if","locations":[{"start":{"line":115,"column":2},"end":{"line":121,"column":3}},{"start":{},"end":{}}],"line":115},"17":{"loc":{"start":{"line":116,"column":4},"end":{"line":118,"column":48}},"type":"binary-expr","locations":[{"start":{"line":116,"column":4},"end":{"line":116,"column":16}},{"start":{"line":117,"column":5},"end":{"line":117,"column":36}},{"start":{"line":118,"column":6},"end":{"line":118,"column":47}}],"line":116},"18":{"loc":{"start":{"line":118,"column":8},"end":{"line":118,"column":46}},"type":"binary-expr","locations":[{"start":{"line":118,"column":8},"end":{"line":118,"column":25}},{"start":{"line":118,"column":29},"end":{"line":118,"column":46}}],"line":118},"19":{"loc":{"start":{"line":129,"column":2},"end":{"line":131,"column":3}},"type":"if","locations":[{"start":{"line":129,"column":2},"end":{"line":131,"column":3}},{"start":{},"end":{}}],"line":129},"20":{"loc":{"start":{"line":133,"column":2},"end":{"line":135,"column":3}},"type":"if","locations":[{"start":{"line":133,"column":2},"end":{"line":135,"column":3}},{"start":{},"end":{}}],"line":133},"21":{"loc":{"start":{"line":136,"column":2},"end":{"line":138,"column":3}},"type":"if","locations":[{"start":{"line":136,"column":2},"end":{"line":138,"column":3}},{"start":{},"end":{}}],"line":136},"22":{"loc":{"start":{"line":136,"column":6},"end":{"line":136,"column":54}},"type":"binary-expr","locations":[{"start":{"line":136,"column":6},"end":{"line":136,"column":29}},{"start":{"line":136,"column":33},"end":{"line":136,"column":54}}],"line":136},"23":{"loc":{"start":{"line":139,"column":2},"end":{"line":141,"column":3}},"type":"if","locations":[{"start":{"line":139,"column":2},"end":{"line":141,"column":3}},{"start":{},"end":{}}],"line":139},"24":{"loc":{"start":{"line":142,"column":2},"end":{"line":144,"column":3}},"type":"if","locations":[{"start":{"line":142,"column":2},"end":{"line":144,"column":3}},{"start":{},"end":{}}],"line":142},"25":{"loc":{"start":{"line":142,"column":6},"end":{"line":142,"column":57}},"type":"binary-expr","locations":[{"start":{"line":142,"column":6},"end":{"line":142,"column":27}},{"start":{"line":142,"column":31},"end":{"line":142,"column":57}}],"line":142},"26":{"loc":{"start":{"line":160,"column":2},"end":{"line":162,"column":3}},"type":"if","locations":[{"start":{"line":160,"column":2},"end":{"line":162,"column":3}},{"start":{},"end":{}}],"line":160},"27":{"loc":{"start":{"line":163,"column":2},"end":{"line":165,"column":3}},"type":"if","locations":[{"start":{"line":163,"column":2},"end":{"line":165,"column":3}},{"start":{},"end":{}}],"line":163},"28":{"loc":{"start":{"line":173,"column":2},"end":{"line":175,"column":3}},"type":"if","locations":[{"start":{"line":173,"column":2},"end":{"line":175,"column":3}},{"start":{},"end":{}}],"line":173},"29":{"loc":{"start":{"line":177,"column":2},"end":{"line":179,"column":3}},"type":"if","locations":[{"start":{"line":177,"column":2},"end":{"line":179,"column":3}},{"start":{},"end":{}}],"line":177},"30":{"loc":{"start":{"line":180,"column":2},"end":{"line":182,"column":3}},"type":"if","locations":[{"start":{"line":180,"column":2},"end":{"line":182,"column":3}},{"start":{},"end":{}}],"line":180},"31":{"loc":{"start":{"line":180,"column":6},"end":{"line":180,"column":54}},"type":"binary-expr","locations":[{"start":{"line":180,"column":6},"end":{"line":180,"column":29}},{"start":{"line":180,"column":33},"end":{"line":180,"column":54}}],"line":180}},"s":{"0":12,"1":1,"2":11,"3":1,"4":10,"5":1,"6":9,"7":1,"8":8,"9":3,"10":5,"11":3,"12":0,"13":3,"14":2,"15":0,"16":2,"17":2,"18":1,"19":1,"20":1,"21":0,"22":5,"23":1,"24":4,"25":2,"26":0,"27":2,"28":2,"29":0,"30":16,"31":1,"32":15,"33":14,"34":0,"35":14,"36":14,"37":0,"38":13,"39":1,"40":12,"41":1,"42":11,"43":2,"44":9,"45":9,"46":1,"47":8,"48":8,"49":1,"50":7,"51":6,"52":0,"53":6,"54":1,"55":5,"56":2,"57":5,"58":2,"59":5,"60":5,"61":0,"62":8,"63":1,"64":7,"65":1,"66":6,"67":6,"68":1,"69":5,"70":5,"71":1,"72":4,"73":3,"74":0,"75":3,"76":1,"77":2,"78":2,"79":0},"f":{"0":12,"1":5,"2":16,"3":13,"4":8},"b":{"0":[1,11],"1":[1,10],"2":[1,9],"3":[1,8],"4":[3,5],"5":[8,6],"6":[6,5],"7":[0,3],"8":[0,2],"9":[1,1],"10":[1,4],"11":[0,2],"12":[1,15],"13":[0,14],"14":[1,12],"15":[1,11],"16":[2,9],"17":[11,5,4],"18":[4,4],"19":[1,7],"20":[0,6],"21":[1,5],"22":[6,2],"23":[2,3],"24":[2,3],"25":[5,5],"26":[1,7],"27":[1,6],"28":[1,4],"29":[0,3],"30":[1,2],"31":[3,2]},"inputSourceMap":null,"_coverageSchema":"1a1c01bbd47fc00a2c39e90264f33305004495a9","hash":"02ff11508ac3937940911667f351ac1918503011"}
,"/Users/vic/csc307-team1/packages/express-backend/review.js": {"path":"/Users/vic/csc307-team1/packages/express-backend/review.js","statementMap":{"0":{"start":{"line":3,"column":21},"end":{"line":28,"column":1}},"1":{"start":{"line":30,"column":0},"end":{"line":30,"column":62}},"2":{"start":{"line":33,"column":15},"end":{"line":33,"column":53}}},"fnMap":{},"branchMap":{},"s":{"0":1,"1":1,"2":1},"f":{},"b":{},"inputSourceMap":null,"_coverageSchema":"1a1c01bbd47fc00a2c39e90264f33305004495a9","hash":"d0701ecdcf9770203e1f48fbbf778ab691884f71"}
,"/Users/vic/csc307-team1/packages/express-backend/services.js": {"path":"/Users/vic/csc307-team1/packages/express-backend/services.js","statementMap":{"0":{"start":{"line":4,"column":4},"end":{"line":6,"column":5}},"1":{"start":{"line":5,"column":8},"end":{"line":5,"column":44}},"2":{"start":{"line":7,"column":4},"end":{"line":11,"column":5}},"3":{"start":{"line":8,"column":8},"end":{"line":8,"column":48}},"4":{"start":{"line":10,"column":8},"end":{"line":10,"column":53}}},"fnMap":{"0":{"name":"makeObjectId","decl":{"start":{"line":3,"column":9},"end":{"line":3,"column":21}},"loc":{"start":{"line":3,"column":27},"end":{"line":12,"column":1}},"line":3}},"branchMap":{"0":{"loc":{"start":{"line":4,"column":4},"end":{"line":6,"column":5}},"type":"if","locations":[{"start":{"line":4,"column":4},"end":{"line":6,"column":5}},{"start":{},"end":{}}],"line":4}},"s":{"0":97,"1":11,"2":86,"3":86,"4":1},"f":{"0":97},"b":{"0":[11,86]},"inputSourceMap":null,"_coverageSchema":"1a1c01bbd47fc00a2c39e90264f33305004495a9","hash":"208fb885eb58399f40d3ca8c52a42ba37f0438b1"}
,"/Users/vic/csc307-team1/packages/express-backend/user-services.js": {"path":"/Users/vic/csc307-team1/packages/express-backend/user-services.js","statementMap":{"0":{"start":{"line":10,"column":2},"end":{"line":12,"column":3}},"1":{"start":{"line":11,"column":4},"end":{"line":11,"column":42}},"2":{"start":{"line":13,"column":2},"end":{"line":15,"column":3}},"3":{"start":{"line":14,"column":4},"end":{"line":14,"column":44}},"4":{"start":{"line":16,"column":2},"end":{"line":23,"column":3}},"5":{"start":{"line":17,"column":4},"end":{"line":20,"column":7}},"6":{"start":{"line":22,"column":4},"end":{"line":22,"column":44}},"7":{"start":{"line":31,"column":2},"end":{"line":33,"column":3}},"8":{"start":{"line":32,"column":4},"end":{"line":32,"column":42}},"9":{"start":{"line":34,"column":12},"end":{"line":34,"column":66}},"10":{"start":{"line":35,"column":2},"end":{"line":37,"column":3}},"11":{"start":{"line":36,"column":4},"end":{"line":36,"column":38}},"12":{"start":{"line":38,"column":2},"end":{"line":40,"column":3}},"13":{"start":{"line":39,"column":4},"end":{"line":39,"column":44}},"14":{"start":{"line":41,"column":2},"end":{"line":47,"column":3}},"15":{"start":{"line":42,"column":4},"end":{"line":44,"column":40}},"16":{"start":{"line":46,"column":4},"end":{"line":46,"column":44}},"17":{"start":{"line":55,"column":2},"end":{"line":57,"column":3}},"18":{"start":{"line":56,"column":4},"end":{"line":56,"column":42}},"19":{"start":{"line":58,"column":12},"end":{"line":58,"column":66}},"20":{"start":{"line":59,"column":2},"end":{"line":61,"column":3}},"21":{"start":{"line":60,"column":4},"end":{"line":60,"column":38}},"22":{"start":{"line":62,"column":2},"end":{"line":64,"column":3}},"23":{"start":{"line":63,"column":4},"end":{"line":63,"column":46}},"24":{"start":{"line":65,"column":2},"end":{"line":71,"column":3}},"25":{"start":{"line":66,"column":4},"end":{"line":68,"column":38}},"26":{"start":{"line":70,"column":4},"end":{"line":70,"column":44}},"27":{"start":{"line":79,"column":2},"end":{"line":81,"column":3}},"28":{"start":{"line":80,"column":4},"end":{"line":80,"column":37}},"29":{"start":{"line":83,"column":2},"end":{"line":87,"column":3}},"30":{"start":{"line":84,"column":4},"end":{"line":84,"column":51}},"31":{"start":{"line":86,"column":4},"end":{"line":86,"column":40}},"32":{"start":{"line":88,"column":15},"end":{"line":88,"column":61}},"33":{"start":{"line":89,"column":2},"end":{"line":91,"column":3}},"34":{"start":{"line":90,"column":4},"end":{"line":90,"column":33}},"35":{"start":{"line":92,"column":2},"end":{"line":94,"column":3}},"36":{"start":{"line":93,"column":4},"end":{"line":93,"column":30}},"37":{"start":{"line":95,"column":2},"end":{"line":97,"column":3}},"38":{"start":{"line":96,"column":4},"end":{"line":96,"column":34}},"39":{"start":{"line":98,"column":2},"end":{"line":104,"column":3}},"40":{"start":{"line":99,"column":4},"end":{"line":101,"column":67}},"41":{"start":{"line":103,"column":4},"end":{"line":103,"column":44}},"42":{"start":{"line":112,"column":2},"end":{"line":114,"column":3}},"43":{"start":{"line":113,"column":4},"end":{"line":113,"column":37}},"44":{"start":{"line":115,"column":2},"end":{"line":117,"column":3}},"45":{"start":{"line":116,"column":4},"end":{"line":116,"column":42}},"46":{"start":{"line":119,"column":2},"end":{"line":123,"column":3}},"47":{"start":{"line":120,"column":4},"end":{"line":120,"column":51}},"48":{"start":{"line":122,"column":4},"end":{"line":122,"column":40}},"49":{"start":{"line":124,"column":15},"end":{"line":124,"column":61}},"50":{"start":{"line":125,"column":2},"end":{"line":127,"column":3}},"51":{"start":{"line":126,"column":4},"end":{"line":126,"column":33}},"52":{"start":{"line":128,"column":14},"end":{"line":128,"column":68}},"53":{"start":{"line":129,"column":2},"end":{"line":131,"column":3}},"54":{"start":{"line":130,"column":4},"end":{"line":130,"column":44}},"55":{"start":{"line":132,"column":2},"end":{"line":139,"column":3}},"56":{"start":{"line":133,"column":4},"end":{"line":136,"column":6}},"57":{"start":{"line":138,"column":4},"end":{"line":138,"column":44}},"58":{"start":{"line":147,"column":2},"end":{"line":149,"column":3}},"59":{"start":{"line":148,"column":4},"end":{"line":148,"column":42}},"60":{"start":{"line":150,"column":12},"end":{"line":150,"column":66}},"61":{"start":{"line":151,"column":2},"end":{"line":153,"column":3}},"62":{"start":{"line":152,"column":4},"end":{"line":152,"column":38}},"63":{"start":{"line":154,"column":2},"end":{"line":158,"column":3}},"64":{"start":{"line":155,"column":4},"end":{"line":155,"column":60}},"65":{"start":{"line":157,"column":4},"end":{"line":157,"column":44}},"66":{"start":{"line":167,"column":2},"end":{"line":169,"column":3}},"67":{"start":{"line":168,"column":4},"end":{"line":168,"column":42}},"68":{"start":{"line":170,"column":2},"end":{"line":172,"column":3}},"69":{"start":{"line":171,"column":4},"end":{"line":171,"column":37}},"70":{"start":{"line":174,"column":2},"end":{"line":178,"column":3}},"71":{"start":{"line":175,"column":4},"end":{"line":175,"column":45}},"72":{"start":{"line":177,"column":4},"end":{"line":177,"column":40}},"73":{"start":{"line":179,"column":12},"end":{"line":179,"column":66}},"74":{"start":{"line":180,"column":2},"end":{"line":182,"column":3}},"75":{"start":{"line":181,"column":4},"end":{"line":181,"column":38}},"76":{"start":{"line":183,"column":17},"end":{"line":183,"column":60}},"77":{"start":{"line":184,"column":2},"end":{"line":186,"column":3}},"78":{"start":{"line":185,"column":4},"end":{"line":185,"column":33}},"79":{"start":{"line":187,"column":2},"end":{"line":189,"column":3}},"80":{"start":{"line":188,"column":4},"end":{"line":188,"column":42}},"81":{"start":{"line":190,"column":2},"end":{"line":194,"column":3}},"82":{"start":{"line":191,"column":4},"end":{"line":191,"column":62}},"83":{"start":{"line":193,"column":4},"end":{"line":193,"column":44}}},"fnMap":{"0":{"name":"createUser","decl":{"start":{"line":8,"column":15},"end":{"line":8,"column":25}},"loc":{"start":{"line":8,"column":59},"end":{"line":24,"column":1}},"line":8},"1":{"name":"setAsModerator","decl":{"start":{"line":30,"column":15},"end":{"line":30,"column":29}},"loc":{"start":{"line":30,"column":47},"end":{"line":48,"column":1}},"line":30},"2":{"name":"setAsRegular","decl":{"start":{"line":54,"column":15},"end":{"line":54,"column":27}},"loc":{"start":{"line":54,"column":45},"end":{"line":72,"column":1}},"line":54},"3":{"name":"editInformation","decl":{"start":{"line":78,"column":15},"end":{"line":78,"column":30}},"loc":{"start":{"line":78,"column":72},"end":{"line":105,"column":1}},"line":78},"4":{"name":"editUsername","decl":{"start":{"line":111,"column":15},"end":{"line":111,"column":27}},"loc":{"start":{"line":111,"column":56},"end":{"line":140,"column":1}},"line":111},"5":{"name":"getUser","decl":{"start":{"line":146,"column":15},"end":{"line":146,"column":22}},"loc":{"start":{"line":146,"column":40},"end":{"line":159,"column":1}},"line":146},"6":{"name":"deleteUser","decl":{"start":{"line":166,"column":15},"end":{"line":166,"column":25}},"loc":{"start":{"line":166,"column":51},"end":{"line":195,"column":1}},"line":166}},"branchMap":{"0":{"loc":{"start":{"line":10,"column":2},"end":{"line":12,"column":3}},"type":"if","locations":[{"start":{"line":10,"column":2},"end":{"line":12,"column":3}},{"start":{},"end":{}}],"line":10},"1":{"loc":{"start":{"line":13,"column":2},"end":{"line":15,"column":3}},"type":"if","locations":[{"start":{"line":13,"column":2},"end":{"line":15,"column":3}},{"start":{},"end":{}}],"line":13},"2":{"loc":{"start":{"line":31,"column":2},"end":{"line":33,"column":3}},"type":"if","locations":[{"start":{"line":31,"column":2},"end":{"line":33,"column":3}},{"start":{},"end":{}}],"line":31},"3":{"loc":{"start":{"line":35,"column":2},"end":{"line":37,"column":3}},"type":"if","locations":[{"start":{"line":35,"column":2},"end":{"line":37,"column":3}},{"start":{},"end":{}}],"line":35},"4":{"loc":{"start":{"line":38,"column":2},"end":{"line":40,"column":3}},"type":"if","locations":[{"start":{"line":38,"column":2},"end":{"line":40,"column":3}},{"start":{},"end":{}}],"line":38},"5":{"loc":{"start":{"line":55,"column":2},"end":{"line":57,"column":3}},"type":"if","locations":[{"start":{"line":55,"column":2},"end":{"line":57,"column":3}},{"start":{},"end":{}}],"line":55},"6":{"loc":{"start":{"line":59,"column":2},"end":{"line":61,"column":3}},"type":"if","locations":[{"start":{"line":59,"column":2},"end":{"line":61,"column":3}},{"start":{},"end":{}}],"line":59},"7":{"loc":{"start":{"line":62,"column":2},"end":{"line":64,"column":3}},"type":"if","locations":[{"start":{"line":62,"column":2},"end":{"line":64,"column":3}},{"start":{},"end":{}}],"line":62},"8":{"loc":{"start":{"line":79,"column":2},"end":{"line":81,"column":3}},"type":"if","locations":[{"start":{"line":79,"column":2},"end":{"line":81,"column":3}},{"start":{},"end":{}}],"line":79},"9":{"loc":{"start":{"line":89,"column":2},"end":{"line":91,"column":3}},"type":"if","locations":[{"start":{"line":89,"column":2},"end":{"line":91,"column":3}},{"start":{},"end":{}}],"line":89},"10":{"loc":{"start":{"line":92,"column":2},"end":{"line":94,"column":3}},"type":"if","locations":[{"start":{"line":92,"column":2},"end":{"line":94,"column":3}},{"start":{},"end":{}}],"line":92},"11":{"loc":{"start":{"line":92,"column":6},"end":{"line":92,"column":57}},"type":"binary-expr","locations":[{"start":{"line":92,"column":6},"end":{"line":92,"column":27}},{"start":{"line":92,"column":31},"end":{"line":92,"column":57}}],"line":92},"12":{"loc":{"start":{"line":95,"column":2},"end":{"line":97,"column":3}},"type":"if","locations":[{"start":{"line":95,"column":2},"end":{"line":97,"column":3}},{"start":{},"end":{}}],"line":95},"13":{"loc":{"start":{"line":95,"column":6},"end":{"line":95,"column":61}},"type":"binary-expr","locations":[{"start":{"line":95,"column":6},"end":{"line":95,"column":29}},{"start":{"line":95,"column":33},"end":{"line":95,"column":61}}],"line":95},"14":{"loc":{"start":{"line":112,"column":2},"end":{"line":114,"column":3}},"type":"if","locations":[{"start":{"line":112,"column":2},"end":{"line":114,"column":3}},{"start":{},"end":{}}],"line":112},"15":{"loc":{"start":{"line":115,"column":2},"end":{"line":117,"column":3}},"type":"if","locations":[{"start":{"line":115,"column":2},"end":{"line":117,"column":3}},{"start":{},"end":{}}],"line":115},"16":{"loc":{"start":{"line":125,"column":2},"end":{"line":127,"column":3}},"type":"if","locations":[{"start":{"line":125,"column":2},"end":{"line":127,"column":3}},{"start":{},"end":{}}],"line":125},"17":{"loc":{"start":{"line":129,"column":2},"end":{"line":131,"column":3}},"type":"if","locations":[{"start":{"line":129,"column":2},"end":{"line":131,"column":3}},{"start":{},"end":{}}],"line":129},"18":{"loc":{"start":{"line":147,"column":2},"end":{"line":149,"column":3}},"type":"if","locations":[{"start":{"line":147,"column":2},"end":{"line":149,"column":3}},{"start":{},"end":{}}],"line":147},"19":{"loc":{"start":{"line":151,"column":2},"end":{"line":153,"column":3}},"type":"if","locations":[{"start":{"line":151,"column":2},"end":{"line":153,"column":3}},{"start":{},"end":{}}],"line":151},"20":{"loc":{"start":{"line":167,"column":2},"end":{"line":169,"column":3}},"type":"if","locations":[{"start":{"line":167,"column":2},"end":{"line":169,"column":3}},{"start":{},"end":{}}],"line":167},"21":{"loc":{"start":{"line":170,"column":2},"end":{"line":172,"column":3}},"type":"if","locations":[{"start":{"line":170,"column":2},"end":{"line":172,"column":3}},{"start":{},"end":{}}],"line":170},"22":{"loc":{"start":{"line":180,"column":2},"end":{"line":182,"column":3}},"type":"if","locations":[{"start":{"line":180,"column":2},"end":{"line":182,"column":3}},{"start":{},"end":{}}],"line":180},"23":{"loc":{"start":{"line":184,"column":2},"end":{"line":186,"column":3}},"type":"if","locations":[{"start":{"line":184,"column":2},"end":{"line":186,"column":3}},{"start":{},"end":{}}],"line":184},"24":{"loc":{"start":{"line":187,"column":2},"end":{"line":189,"column":3}},"type":"if","locations":[{"start":{"line":187,"column":2},"end":{"line":189,"column":3}},{"start":{},"end":{}}],"line":187},"25":{"loc":{"start":{"line":187,"column":6},"end":{"line":187,"column":61}},"type":"binary-expr","locations":[{"start":{"line":187,"column":6},"end":{"line":187,"column":31}},{"start":{"line":187,"column":35},"end":{"line":187,"column":61}}],"line":187}},"s":{"0":4,"1":2,"2":2,"3":1,"4":1,"5":1,"6":0,"7":6,"8":1,"9":5,"10":5,"11":2,"12":3,"13":1,"14":2,"15":2,"16":0,"17":6,"18":1,"19":5,"20":5,"21":2,"22":3,"23":1,"24":2,"25":2,"26":0,"27":7,"28":2,"29":5,"30":5,"31":1,"32":4,"33":4,"34":1,"35":3,"36":1,"37":3,"38":1,"39":3,"40":3,"41":0,"42":6,"43":1,"44":5,"45":1,"46":4,"47":4,"48":1,"49":3,"50":3,"51":1,"52":2,"53":2,"54":1,"55":1,"56":1,"57":0,"58":90,"59":2,"60":88,"61":88,"62":14,"63":74,"64":74,"65":0,"66":9,"67":2,"68":7,"69":1,"70":6,"71":6,"72":1,"73":5,"74":5,"75":1,"76":4,"77":4,"78":1,"79":3,"80":1,"81":2,"82":2,"83":0},"f":{"0":4,"1":6,"2":6,"3":7,"4":6,"5":90,"6":9},"b":{"0":[2,2],"1":[1,1],"2":[1,5],"3":[2,3],"4":[1,2],"5":[1,5],"6":[2,3],"7":[1,2],"8":[2,5],"9":[1,3],"10":[1,2],"11":[3,2],"12":[1,2],"13":[3,2],"14":[1,5],"15":[1,4],"16":[1,2],"17":[1,1],"18":[2,88],"19":[14,74],"20":[2,7],"21":[1,6],"22":[1,4],"23":[1,3],"24":[1,2],"25":[3,2]},"inputSourceMap":null,"_coverageSchema":"1a1c01bbd47fc00a2c39e90264f33305004495a9","hash":"2df365c249f0caf1992bba4fb0d18a1a018f60b3"}
,"/Users/vic/csc307-team1/packages/express-backend/user.js": {"path":"/Users/vic/csc307-team1/packages/express-backend/user.js","statementMap":{"0":{"start":{"line":3,"column":22},"end":{"line":40,"column":1}},"1":{"start":{"line":42,"column":16},"end":{"line":42,"column":56}}},"fnMap":{},"branchMap":{},"s":{"0":3,"1":3},"f":{},"b":{},"inputSourceMap":null,"_coverageSchema":"1a1c01bbd47fc00a2c39e90264f33305004495a9","hash":"500511a0b7b282d1d1d6617f1b7202ba77c28a2a"}
}
