TN:
SF:file-services.js
FN:9,addFile
FN:56,getFile
FN:81,editFile
FN:146,removeFile
FN:181,searchFiles
FN:273,myFiles
FN:288,addFavorite
FN:320,removeFavorite
FN:352,findFiles
FNF:9
FNH:8
FNDA:8,addFile
FNDA:41,getFile
FNDA:14,editFile
FNDA:8,removeFile
FNDA:21,searchFiles
FNDA:5,myFiles
FNDA:7,addFavorite
FNDA:7,removeFavorite
FNDA:0,findFiles
DA:18,8
DA:19,1
DA:21,7
DA:22,1
DA:24,6
DA:25,1
DA:27,5
DA:28,1
DA:30,4
DA:31,1
DA:33,3
DA:34,2
DA:35,0
DA:37,2
DA:38,2
DA:48,0
DA:57,41
DA:58,1
DA:61,40
DA:62,40
DA:64,3
DA:66,37
DA:67,37
DA:68,8
DA:70,29
DA:71,29
DA:73,0
DA:89,14
DA:90,1
DA:92,13
DA:93,1
DA:95,12
DA:96,1
DA:99,11
DA:100,11
DA:102,1
DA:104,10
DA:105,9
DA:106,0
DA:108,9
DA:109,8
DA:110,0
DA:112,8
DA:113,1
DA:115,7
DA:116,5
DA:118,7
DA:119,4
DA:121,7
DA:122,4
DA:124,7
DA:125,4
DA:127,7
DA:128,7
DA:138,0
DA:147,8
DA:148,1
DA:150,7
DA:151,1
DA:154,6
DA:155,6
DA:157,1
DA:159,5
DA:160,4
DA:161,0
DA:163,4
DA:164,3
DA:165,0
DA:167,3
DA:168,1
DA:170,2
DA:171,2
DA:173,0
DA:182,21
DA:183,0
DA:185,21
DA:186,10
DA:188,21
DA:189,10
DA:191,21
DA:192,1
DA:194,20
DA:195,1
DA:197,19
DA:199,1
DA:200,1
DA:202,0
DA:205,1
DA:206,1
DA:208,0
DA:211,1
DA:212,1
DA:214,0
DA:217,11
DA:218,11
DA:225,0
DA:228,1
DA:229,1
DA:231,0
DA:234,1
DA:235,1
DA:243,0
DA:246,1
DA:247,1
DA:255,0
DA:258,2
DA:259,2
DA:268,0
DA:274,5
DA:275,1
DA:277,4
DA:278,2
DA:279,0
DA:281,2
DA:282,2
DA:284,0
DA:289,7
DA:290,1
DA:292,6
DA:293,1
DA:296,5
DA:297,5
DA:299,1
DA:301,4
DA:302,3
DA:303,0
DA:305,3
DA:306,2
DA:307,0
DA:309,2
DA:310,1
DA:312,1
DA:313,1
DA:314,1
DA:316,0
DA:321,7
DA:322,1
DA:324,6
DA:325,1
DA:328,5
DA:329,5
DA:331,1
DA:333,4
DA:334,3
DA:335,2
DA:337,1
DA:338,1
DA:339,0
DA:341,1
DA:342,0
DA:344,1
DA:345,1
DA:346,1
DA:348,0
DA:353,0
DA:354,0
DA:355,0
DA:356,0
DA:357,0
DA:358,0
DA:359,0
DA:362,0
LF:162
LH:128
BRDA:18,0,0,1
BRDA:18,0,1,7
BRDA:21,1,0,1
BRDA:21,1,1,6
BRDA:24,2,0,1
BRDA:24,2,1,5
BRDA:27,3,0,1
BRDA:27,3,1,4
BRDA:30,4,0,1
BRDA:30,4,1,3
BRDA:30,5,0,4
BRDA:30,5,1,2
BRDA:34,6,0,0
BRDA:34,6,1,2
BRDA:57,7,0,1
BRDA:57,7,1,40
BRDA:67,8,0,8
BRDA:67,8,1,29
BRDA:89,9,0,1
BRDA:89,9,1,13
BRDA:92,10,0,1
BRDA:92,10,1,12
BRDA:95,11,0,1
BRDA:95,11,1,11
BRDA:95,12,0,12
BRDA:95,12,1,8
BRDA:105,13,0,0
BRDA:105,13,1,9
BRDA:109,14,0,0
BRDA:109,14,1,8
BRDA:112,15,0,1
BRDA:112,15,1,7
BRDA:112,16,0,8
BRDA:112,16,1,2
BRDA:115,17,0,5
BRDA:115,17,1,2
BRDA:118,18,0,4
BRDA:118,18,1,3
BRDA:118,19,0,7
BRDA:118,19,1,4
BRDA:121,20,0,4
BRDA:121,20,1,3
BRDA:121,21,0,7
BRDA:121,21,1,5
BRDA:124,22,0,4
BRDA:124,22,1,3
BRDA:124,23,0,7
BRDA:124,23,1,6
BRDA:147,24,0,1
BRDA:147,24,1,7
BRDA:150,25,0,1
BRDA:150,25,1,6
BRDA:160,26,0,0
BRDA:160,26,1,4
BRDA:164,27,0,0
BRDA:164,27,1,3
BRDA:167,28,0,1
BRDA:167,28,1,2
BRDA:167,29,0,3
BRDA:167,29,1,2
BRDA:182,30,0,0
BRDA:182,30,1,21
BRDA:185,31,0,10
BRDA:185,31,1,11
BRDA:188,32,0,10
BRDA:188,32,1,11
BRDA:191,33,0,1
BRDA:191,33,1,20
BRDA:191,34,0,21
BRDA:191,34,1,6
BRDA:194,35,0,1
BRDA:194,35,1,19
BRDA:194,36,0,20
BRDA:194,36,1,6
BRDA:197,37,0,1
BRDA:197,37,1,1
BRDA:197,37,2,1
BRDA:197,37,3,11
BRDA:197,37,4,1
BRDA:197,37,5,1
BRDA:197,37,6,1
BRDA:197,37,7,2
BRDA:198,38,0,19
BRDA:198,38,1,4
BRDA:198,38,2,2
BRDA:204,39,0,18
BRDA:204,39,1,3
BRDA:210,40,0,17
BRDA:210,40,1,2
BRDA:216,41,0,16
BRDA:216,41,1,12
BRDA:274,42,0,1
BRDA:274,42,1,4
BRDA:278,43,0,0
BRDA:278,43,1,2
BRDA:289,44,0,1
BRDA:289,44,1,6
BRDA:292,45,0,1
BRDA:292,45,1,5
BRDA:302,46,0,0
BRDA:302,46,1,3
BRDA:306,47,0,0
BRDA:306,47,1,2
BRDA:309,48,0,1
BRDA:309,48,1,1
BRDA:321,49,0,1
BRDA:321,49,1,6
BRDA:324,50,0,1
BRDA:324,50,1,5
BRDA:334,51,0,2
BRDA:334,51,1,1
BRDA:338,52,0,0
BRDA:338,52,1,1
BRDA:341,53,0,0
BRDA:341,53,1,1
BRDA:352,54,0,0
BRDA:354,55,0,0
BRDA:354,55,1,0
BRDA:354,56,0,0
BRDA:354,56,1,0
BRDA:356,57,0,0
BRDA:356,57,1,0
BRDA:357,58,0,0
BRDA:357,58,1,0
BRDA:358,59,0,0
BRDA:358,59,1,0
BRF:126
BRH:104
end_of_record
TN:
SF:file.js
FNF:0
FNH:0
DA:3,2
DA:41,2
LF:2
LH:2
BRF:0
BRH:0
end_of_record
TN:
SF:review-services.js
FN:11,addReview
FN:65,getReviewsMedia
FN:84,getReviewsUser
FN:103,editReview
FN:159,deleteReview
FNF:5
FNH:5
FNDA:12,addReview
FNDA:5,getReviewsMedia
FNDA:16,getReviewsUser
FNDA:13,editReview
FNDA:8,deleteReview
DA:18,12
DA:19,1
DA:21,11
DA:22,1
DA:24,10
DA:25,1
DA:27,9
DA:28,1
DA:30,8
DA:34,3
DA:36,5
DA:37,3
DA:38,0
DA:40,3
DA:41,2
DA:42,0
DA:44,2
DA:45,2
DA:46,1
DA:48,1
DA:49,1
DA:57,0
DA:66,5
DA:67,1
DA:69,4
DA:70,2
DA:71,0
DA:73,2
DA:74,2
DA:76,0
DA:85,16
DA:86,1
DA:88,15
DA:89,14
DA:90,0
DA:92,14
DA:93,14
DA:95,0
DA:109,13
DA:110,1
DA:112,12
DA:113,1
DA:115,11
DA:120,2
DA:123,9
DA:124,9
DA:126,1
DA:128,8
DA:129,8
DA:130,1
DA:132,7
DA:133,6
DA:134,0
DA:136,6
DA:137,1
DA:139,5
DA:140,2
DA:142,5
DA:143,2
DA:145,5
DA:146,5
DA:151,0
DA:160,8
DA:161,1
DA:163,7
DA:164,1
DA:167,6
DA:168,6
DA:170,1
DA:172,5
DA:173,5
DA:174,1
DA:176,4
DA:177,3
DA:178,0
DA:180,3
DA:181,1
DA:183,2
DA:184,2
DA:186,0
LF:80
LH:69
BRDA:18,0,0,1
BRDA:18,0,1,11
BRDA:21,1,0,1
BRDA:21,1,1,10
BRDA:24,2,0,1
BRDA:24,2,1,9
BRDA:27,3,0,1
BRDA:27,3,1,8
BRDA:30,4,0,3
BRDA:30,4,1,5
BRDA:31,5,0,8
BRDA:31,5,1,6
BRDA:32,6,0,6
BRDA:32,6,1,5
BRDA:37,7,0,0
BRDA:37,7,1,3
BRDA:41,8,0,0
BRDA:41,8,1,2
BRDA:45,9,0,1
BRDA:45,9,1,1
BRDA:66,10,0,1
BRDA:66,10,1,4
BRDA:70,11,0,0
BRDA:70,11,1,2
BRDA:85,12,0,1
BRDA:85,12,1,15
BRDA:89,13,0,0
BRDA:89,13,1,14
BRDA:109,14,0,1
BRDA:109,14,1,12
BRDA:112,15,0,1
BRDA:112,15,1,11
BRDA:115,16,0,2
BRDA:115,16,1,9
BRDA:116,17,0,11
BRDA:116,17,1,5
BRDA:116,17,2,4
BRDA:118,18,0,4
BRDA:118,18,1,4
BRDA:129,19,0,1
BRDA:129,19,1,7
BRDA:133,20,0,0
BRDA:133,20,1,6
BRDA:136,21,0,1
BRDA:136,21,1,5
BRDA:136,22,0,6
BRDA:136,22,1,2
BRDA:139,23,0,2
BRDA:139,23,1,3
BRDA:142,24,0,2
BRDA:142,24,1,3
BRDA:142,25,0,5
BRDA:142,25,1,5
BRDA:160,26,0,1
BRDA:160,26,1,7
BRDA:163,27,0,1
BRDA:163,27,1,6
BRDA:173,28,0,1
BRDA:173,28,1,4
BRDA:177,29,0,0
BRDA:177,29,1,3
BRDA:180,30,0,1
BRDA:180,30,1,2
BRDA:180,31,0,3
BRDA:180,31,1,2
BRF:65
BRH:59
end_of_record
TN:
SF:review.js
FNF:0
FNH:0
DA:3,1
DA:30,1
DA:33,1
LF:3
LH:3
BRF:0
BRH:0
end_of_record
TN:
SF:services.js
FN:3,makeObjectId
FN:14,makeString
FNF:2
FNH:1
FNDA:97,makeObjectId
FNDA:0,makeString
DA:4,97
DA:5,11
DA:7,86
DA:8,86
DA:10,1
DA:15,0
DA:16,0
DA:18,0
LF:8
LH:5
BRDA:4,0,0,11
BRDA:4,0,1,86
BRF:2
BRH:2
end_of_record
TN:
SF:user-services.js
FN:8,createUser
FN:30,setAsModerator
FN:54,setAsRegular
FN:78,editInformation
FN:111,editUsername
FN:146,getUser
FN:166,deleteUser
FNF:7
FNH:7
FNDA:4,createUser
FNDA:6,setAsModerator
FNDA:6,setAsRegular
FNDA:7,editInformation
FNDA:6,editUsername
FNDA:90,getUser
FNDA:9,deleteUser
DA:10,4
DA:11,2
DA:13,2
DA:14,1
DA:16,1
DA:17,1
DA:22,0
DA:31,6
DA:32,1
DA:34,5
DA:35,5
DA:36,2
DA:38,3
DA:39,1
DA:41,2
DA:42,2
DA:46,0
DA:55,6
DA:56,1
DA:58,5
DA:59,5
DA:60,2
DA:62,3
DA:63,1
DA:65,2
DA:66,2
DA:70,0
DA:79,7
DA:80,2
DA:83,5
DA:84,5
DA:86,1
DA:88,4
DA:89,4
DA:90,1
DA:92,3
DA:93,1
DA:95,3
DA:96,1
DA:98,3
DA:99,3
DA:103,0
DA:112,6
DA:113,1
DA:115,5
DA:116,1
DA:119,4
DA:120,4
DA:122,1
DA:124,3
DA:125,3
DA:126,1
DA:128,2
DA:129,2
DA:130,1
DA:132,1
DA:133,1
DA:138,0
DA:147,90
DA:148,2
DA:150,88
DA:151,88
DA:152,14
DA:154,74
DA:155,74
DA:157,0
DA:167,9
DA:168,2
DA:170,7
DA:171,1
DA:174,6
DA:175,6
DA:177,1
DA:179,5
DA:180,5
DA:181,1
DA:183,4
DA:184,4
DA:185,1
DA:187,3
DA:188,1
DA:190,2
DA:191,2
DA:193,0
LF:84
LH:77
BRDA:10,0,0,2
BRDA:10,0,1,2
BRDA:13,1,0,1
BRDA:13,1,1,1
BRDA:31,2,0,1
BRDA:31,2,1,5
BRDA:35,3,0,2
BRDA:35,3,1,3
BRDA:38,4,0,1
BRDA:38,4,1,2
BRDA:55,5,0,1
BRDA:55,5,1,5
BRDA:59,6,0,2
BRDA:59,6,1,3
BRDA:62,7,0,1
BRDA:62,7,1,2
BRDA:79,8,0,2
BRDA:79,8,1,5
BRDA:89,9,0,1
BRDA:89,9,1,3
BRDA:92,10,0,1
BRDA:92,10,1,2
BRDA:92,11,0,3
BRDA:92,11,1,2
BRDA:95,12,0,1
BRDA:95,12,1,2
BRDA:95,13,0,3
BRDA:95,13,1,2
BRDA:112,14,0,1
BRDA:112,14,1,5
BRDA:115,15,0,1
BRDA:115,15,1,4
BRDA:125,16,0,1
BRDA:125,16,1,2
BRDA:129,17,0,1
BRDA:129,17,1,1
BRDA:147,18,0,2
BRDA:147,18,1,88
BRDA:151,19,0,14
BRDA:151,19,1,74
BRDA:167,20,0,2
BRDA:167,20,1,7
BRDA:170,21,0,1
BRDA:170,21,1,6
BRDA:180,22,0,1
BRDA:180,22,1,4
BRDA:184,23,0,1
BRDA:184,23,1,3
BRDA:187,24,0,1
BRDA:187,24,1,2
BRDA:187,25,0,3
BRDA:187,25,1,2
BRF:52
BRH:52
end_of_record
TN:
SF:user.js
FNF:0
FNH:0
DA:3,3
DA:42,3
LF:2
LH:2
BRF:0
BRH:0
end_of_record
